INFO 2024-07-03 18:21:41,274 22916 Watching for file changes with StatReloader
INFO 2024-07-03 18:21:41,281 28292 Watching for file changes with StatReloader
INFO 2024-07-03 22:35:18,975 22916 C:\Users\User\Documents\GitHub\Charity\Charity\Spreading\Payment\views.py changed, reloading.
INFO 2024-07-03 22:35:19,001 28292 C:\Users\User\Documents\GitHub\Charity\Charity\Spreading\Payment\views.py changed, reloading.
INFO 2024-07-03 22:35:23,040 4588 Watching for file changes with StatReloader
INFO 2024-07-03 22:35:23,091 17192 Watching for file changes with StatReloader
INFO 2024-07-03 22:36:32,117 4588 C:\Users\User\Documents\GitHub\Charity\Charity\Spreading\Payment\views.py changed, reloading.
INFO 2024-07-03 22:36:32,191 17192 C:\Users\User\Documents\GitHub\Charity\Charity\Spreading\Payment\views.py changed, reloading.
INFO 2024-07-03 22:36:35,890 29808 Watching for file changes with StatReloader
INFO 2024-07-03 22:36:35,971 17392 Watching for file changes with StatReloader
INFO 2024-07-03 22:36:47,836 29808 C:\Users\User\Documents\GitHub\Charity\Charity\Spreading\Payment\views.py changed, reloading.
INFO 2024-07-03 22:36:47,863 17392 C:\Users\User\Documents\GitHub\Charity\Charity\Spreading\Payment\views.py changed, reloading.
INFO 2024-07-03 22:36:49,266 28292 Watching for file changes with StatReloader
INFO 2024-07-03 22:36:49,290 8392 Watching for file changes with StatReloader
INFO 2024-07-03 22:36:51,404 28292 C:\Users\User\Documents\GitHub\Charity\Charity\Spreading\Payment\views.py changed, reloading.
INFO 2024-07-03 22:36:51,486 8392 C:\Users\User\Documents\GitHub\Charity\Charity\Spreading\Payment\views.py changed, reloading.
INFO 2024-07-03 22:36:52,908 24160 Watching for file changes with StatReloader
INFO 2024-07-03 22:36:53,049 18680 Watching for file changes with StatReloader
INFO 2024-07-03 22:37:06,215 24160 C:\Users\User\Documents\GitHub\Charity\Charity\Spreading\Payment\views.py changed, reloading.
INFO 2024-07-03 22:37:06,261 18680 C:\Users\User\Documents\GitHub\Charity\Charity\Spreading\Payment\views.py changed, reloading.
INFO 2024-07-03 22:37:07,825 26240 Watching for file changes with StatReloader
INFO 2024-07-03 22:37:07,843 18796 Watching for file changes with StatReloader
INFO 2024-07-03 22:37:13,223 26240 C:\Users\User\Documents\GitHub\Charity\Charity\Spreading\Payment\views.py changed, reloading.
INFO 2024-07-03 22:37:13,304 18796 C:\Users\User\Documents\GitHub\Charity\Charity\Spreading\Payment\views.py changed, reloading.
INFO 2024-07-03 22:37:14,890 23080 Watching for file changes with StatReloader
INFO 2024-07-03 22:37:15,017 24916 Watching for file changes with StatReloader
INFO 2024-07-03 22:37:21,615 23080 C:\Users\User\Documents\GitHub\Charity\Charity\Spreading\Payment\views.py changed, reloading.
INFO 2024-07-03 22:37:21,754 24916 C:\Users\User\Documents\GitHub\Charity\Charity\Spreading\Payment\views.py changed, reloading.
INFO 2024-07-03 22:37:23,250 21520 Watching for file changes with StatReloader
INFO 2024-07-03 22:37:23,365 14128 Watching for file changes with StatReloader
INFO 2024-07-03 22:37:27,991 21520 C:\Users\User\Documents\GitHub\Charity\Charity\Spreading\Payment\views.py changed, reloading.
INFO 2024-07-03 22:37:28,039 14128 C:\Users\User\Documents\GitHub\Charity\Charity\Spreading\Payment\views.py changed, reloading.
INFO 2024-07-03 22:37:29,970 6860 Watching for file changes with StatReloader
INFO 2024-07-03 22:37:29,987 26944 Watching for file changes with StatReloader
INFO 2024-07-03 22:37:37,444 26944 C:\Users\User\Documents\GitHub\Charity\Charity\Spreading\Payment\views.py changed, reloading.
INFO 2024-07-03 22:37:37,454 6860 C:\Users\User\Documents\GitHub\Charity\Charity\Spreading\Payment\views.py changed, reloading.
INFO 2024-07-03 22:37:40,217 18584 Watching for file changes with StatReloader
INFO 2024-07-03 22:37:40,225 29720 Watching for file changes with StatReloader
INFO 2024-07-03 22:38:00,529 29720 C:\Users\User\Documents\GitHub\Charity\Charity\Spreading\Payment\views.py changed, reloading.
INFO 2024-07-03 22:38:01,946 21352 Watching for file changes with StatReloader
INFO 2024-07-03 22:38:30,679 21352 C:\Users\User\Documents\GitHub\Charity\Charity\Spreading\Payment\views.py changed, reloading.
INFO 2024-07-03 22:38:32,052 26252 Watching for file changes with StatReloader
INFO 2024-07-03 22:38:38,702 26252 C:\Users\User\Documents\GitHub\Charity\Charity\Spreading\Payment\views.py changed, reloading.
INFO 2024-07-03 22:38:40,095 5228 Watching for file changes with StatReloader
INFO 2024-07-03 22:46:04,722 27780 Watching for file changes with StatReloader
INFO 2024-07-03 22:46:21,638 27780 +1 (542) 778-8469 76
INFO 2024-07-03 23:17:04,286 27780 C:\Users\User\Documents\GitHub\Charity\Charity\Spreading\Spreading\settings.py changed, reloading.
INFO 2024-07-03 23:17:05,393 20952 Watching for file changes with StatReloader
INFO 2024-07-03 23:17:23,247 20952 C:\Users\User\Documents\GitHub\Charity\Charity\Spreading\Spreading\settings.py changed, reloading.
INFO 2024-07-03 23:17:24,270 4988 Watching for file changes with StatReloader
INFO 2024-07-03 23:17:35,872 4988 C:\Users\User\Documents\GitHub\Charity\Charity\Spreading\Spreading\settings.py changed, reloading.
INFO 2024-07-03 23:17:36,778 19876 Watching for file changes with StatReloader
INFO 2024-07-03 23:18:13,087 19876 C:\Users\User\Documents\GitHub\Charity\Charity\Spreading\Spreading\settings.py changed, reloading.
INFO 2024-07-03 23:18:14,326 3904 Watching for file changes with StatReloader
INFO 2024-07-03 23:19:13,147 3904 C:\Users\User\Documents\GitHub\Charity\Charity\Spreading\Spreading\settings.py changed, reloading.
INFO 2024-07-03 23:19:14,335 1316 Watching for file changes with StatReloader
INFO 2024-07-03 23:19:31,447 1316 C:\Users\User\Documents\GitHub\Charity\Charity\Spreading\Spreading\settings.py changed, reloading.
INFO 2024-07-03 23:19:32,292 6344 Watching for file changes with StatReloader
INFO 2024-07-03 23:42:27,766 6344 C:\Users\User\Documents\GitHub\Charity\Charity\Spreading\Payment\views.py changed, reloading.
INFO 2024-07-03 23:42:28,967 15280 Watching for file changes with StatReloader
INFO 2024-07-03 23:42:56,012 15280 C:\Users\User\Documents\GitHub\Charity\Charity\Spreading\Payment\views.py changed, reloading.
INFO 2024-07-03 23:42:56,843 30328 Watching for file changes with StatReloader
INFO 2024-07-03 23:43:08,435 30328 C:\Users\User\Documents\GitHub\Charity\Charity\Spreading\Payment\views.py changed, reloading.
INFO 2024-07-03 23:43:09,392 896 Watching for file changes with StatReloader
INFO 2024-07-03 23:43:14,606 896 C:\Users\User\Documents\GitHub\Charity\Charity\Spreading\Payment\views.py changed, reloading.
INFO 2024-07-03 23:43:15,417 8556 Watching for file changes with StatReloader
INFO 2024-07-03 23:43:31,243 8556 C:\Users\User\Documents\GitHub\Charity\Charity\Spreading\Payment\views.py changed, reloading.
INFO 2024-07-03 23:43:32,100 19740 Watching for file changes with StatReloader
INFO 2024-07-03 23:43:34,101 19740 C:\Users\User\Documents\GitHub\Charity\Charity\Spreading\Payment\views.py changed, reloading.
INFO 2024-07-03 23:43:35,037 11672 Watching for file changes with StatReloader
INFO 2024-07-03 23:44:10,603 11672 C:\Users\User\Documents\GitHub\Charity\Charity\Spreading\Payment\views.py changed, reloading.
INFO 2024-07-03 23:44:12,993 4692 Watching for file changes with StatReloader
INFO 2024-07-03 23:44:15,901 4692 C:\Users\User\Documents\GitHub\Charity\Charity\Spreading\Payment\views.py changed, reloading.
INFO 2024-07-03 23:44:16,765 29920 Watching for file changes with StatReloader
INFO 2024-07-03 23:44:21,968 29920 C:\Users\User\Documents\GitHub\Charity\Charity\Spreading\Payment\views.py changed, reloading.
INFO 2024-07-03 23:44:23,088 14648 Watching for file changes with StatReloader
INFO 2024-07-03 23:44:27,176 14648 C:\Users\User\Documents\GitHub\Charity\Charity\Spreading\Payment\views.py changed, reloading.
INFO 2024-07-03 23:44:28,414 16372 Watching for file changes with StatReloader
INFO 2024-07-03 23:44:39,079 16372 C:\Users\User\Documents\GitHub\Charity\Charity\Spreading\Payment\views.py changed, reloading.
INFO 2024-07-03 23:44:40,025 10076 Watching for file changes with StatReloader
INFO 2024-07-03 23:44:46,249 10076 C:\Users\User\Documents\GitHub\Charity\Charity\Spreading\Payment\views.py changed, reloading.
INFO 2024-07-03 23:44:47,423 27184 Watching for file changes with StatReloader
INFO 2024-07-03 23:44:50,280 27184 C:\Users\User\Documents\GitHub\Charity\Charity\Spreading\Payment\views.py changed, reloading.
INFO 2024-07-03 23:44:51,285 23404 Watching for file changes with StatReloader
INFO 2024-07-03 23:44:57,779 23404 C:\Users\User\Documents\GitHub\Charity\Charity\Spreading\Payment\views.py changed, reloading.
INFO 2024-07-03 23:44:59,514 23212 Watching for file changes with StatReloader
INFO 2024-07-03 23:45:16,604 23212 C:\Users\User\Documents\GitHub\Charity\Charity\Spreading\Payment\views.py changed, reloading.
INFO 2024-07-03 23:45:17,521 4144 Watching for file changes with StatReloader
INFO 2024-07-03 23:45:20,332 4144 C:\Users\User\Documents\GitHub\Charity\Charity\Spreading\Payment\views.py changed, reloading.
INFO 2024-07-03 23:45:21,226 4664 Watching for file changes with StatReloader
INFO 2024-07-03 23:45:24,283 4664 C:\Users\User\Documents\GitHub\Charity\Charity\Spreading\Payment\views.py changed, reloading.
INFO 2024-07-03 23:45:25,229 3616 Watching for file changes with StatReloader
INFO 2024-07-03 23:45:29,334 3616 C:\Users\User\Documents\GitHub\Charity\Charity\Spreading\Payment\views.py changed, reloading.
INFO 2024-07-03 23:45:30,534 28276 Watching for file changes with StatReloader
INFO 2024-07-03 23:45:36,702 28276 C:\Users\User\Documents\GitHub\Charity\Charity\Spreading\Payment\views.py changed, reloading.
INFO 2024-07-03 23:45:38,205 26704 Watching for file changes with StatReloader
INFO 2024-07-03 23:45:53,055 26704 C:\Users\User\Documents\GitHub\Charity\Charity\Spreading\Payment\views.py changed, reloading.
INFO 2024-07-03 23:45:53,812 5184 Watching for file changes with StatReloader
INFO 2024-07-03 23:45:57,729 5184 C:\Users\User\Documents\GitHub\Charity\Charity\Spreading\Payment\views.py changed, reloading.
INFO 2024-07-03 23:45:58,772 22072 Watching for file changes with StatReloader
INFO 2024-07-03 23:46:11,468 22072 C:\Users\User\Documents\GitHub\Charity\Charity\Spreading\Payment\views.py changed, reloading.
INFO 2024-07-03 23:46:12,345 19700 Watching for file changes with StatReloader
INFO 2024-07-03 23:46:15,234 19700 C:\Users\User\Documents\GitHub\Charity\Charity\Spreading\Payment\views.py changed, reloading.
INFO 2024-07-03 23:46:16,257 25952 Watching for file changes with StatReloader
INFO 2024-07-03 23:46:20,390 25952 C:\Users\User\Documents\GitHub\Charity\Charity\Spreading\Payment\views.py changed, reloading.
INFO 2024-07-03 23:46:21,588 19216 Watching for file changes with StatReloader
INFO 2024-07-03 23:46:24,672 19216 C:\Users\User\Documents\GitHub\Charity\Charity\Spreading\Payment\views.py changed, reloading.
INFO 2024-07-03 23:46:25,690 18336 Watching for file changes with StatReloader
INFO 2024-07-03 23:46:28,552 18336 C:\Users\User\Documents\GitHub\Charity\Charity\Spreading\Payment\views.py changed, reloading.
INFO 2024-07-03 23:46:29,858 17132 Watching for file changes with StatReloader
INFO 2024-07-03 23:47:03,488 17132 C:\Users\User\Documents\GitHub\Charity\Charity\Spreading\Payment\views.py changed, reloading.
INFO 2024-07-03 23:47:04,348 27560 Watching for file changes with StatReloader
INFO 2024-07-03 23:47:17,772 27560 C:\Users\User\Documents\GitHub\Charity\Charity\Spreading\Payment\views.py changed, reloading.
INFO 2024-07-03 23:47:18,619 28128 Watching for file changes with StatReloader
INFO 2024-07-03 23:48:48,193 6056 Watching for file changes with StatReloader
INFO 2024-07-03 23:49:15,291 28128 C:\Users\User\Documents\GitHub\Charity\Charity\Spreading\Spreading\settings.py changed, reloading.
INFO 2024-07-03 23:49:15,844 6056 C:\Users\User\Documents\GitHub\Charity\Charity\Spreading\Spreading\settings.py changed, reloading.
INFO 2024-07-03 23:49:16,525 28156 Watching for file changes with StatReloader
INFO 2024-07-03 23:49:17,237 16592 Watching for file changes with StatReloader
INFO 2024-07-03 23:49:21,238 16592 C:\Users\User\Documents\GitHub\Charity\Charity\Spreading\Spreading\settings.py changed, reloading.
INFO 2024-07-03 23:49:21,609 28156 C:\Users\User\Documents\GitHub\Charity\Charity\Spreading\Spreading\settings.py changed, reloading.
INFO 2024-07-03 23:49:22,072 18492 Watching for file changes with StatReloader
INFO 2024-07-03 23:49:22,491 16652 Watching for file changes with StatReloader
INFO 2024-07-03 23:49:23,529 18492 C:\Users\User\Documents\GitHub\Charity\Charity\Spreading\Spreading\settings.py changed, reloading.
INFO 2024-07-03 23:49:24,248 4768 Watching for file changes with StatReloader
INFO 2024-07-03 23:49:29,087 23000 Watching for file changes with StatReloader
INFO 2024-07-03 23:49:37,890 23000 C:\Users\User\Documents\GitHub\Charity\Charity\Spreading\Spreading\settings.py changed, reloading.
INFO 2024-07-03 23:49:38,210 4768 C:\Users\User\Documents\GitHub\Charity\Charity\Spreading\Spreading\settings.py changed, reloading.
INFO 2024-07-03 23:49:39,024 5092 Watching for file changes with StatReloader
INFO 2024-07-03 23:49:39,214 4256 Watching for file changes with StatReloader
INFO 2024-07-03 23:51:08,203 5092 C:\Users\User\Documents\GitHub\Charity\Charity\Spreading\Payment\views.py changed, reloading.
INFO 2024-07-03 23:51:08,234 4256 C:\Users\User\Documents\GitHub\Charity\Charity\Spreading\Payment\views.py changed, reloading.
INFO 2024-07-03 23:51:09,203 16128 Watching for file changes with StatReloader
INFO 2024-07-03 23:51:09,217 29360 Watching for file changes with StatReloader
INFO 2024-07-03 23:51:12,346 16128 C:\Users\User\Documents\GitHub\Charity\Charity\Spreading\Payment\views.py changed, reloading.
INFO 2024-07-03 23:51:12,388 29360 C:\Users\User\Documents\GitHub\Charity\Charity\Spreading\Payment\views.py changed, reloading.
INFO 2024-07-03 23:51:13,366 20068 Watching for file changes with StatReloader
INFO 2024-07-03 23:51:13,416 11196 Watching for file changes with StatReloader
INFO 2024-07-03 23:51:31,494 20068 C:\Users\User\Documents\GitHub\Charity\Charity\Spreading\Payment\views.py changed, reloading.
INFO 2024-07-03 23:51:31,495 11196 C:\Users\User\Documents\GitHub\Charity\Charity\Spreading\Payment\views.py changed, reloading.
INFO 2024-07-03 23:51:32,562 26284 Watching for file changes with StatReloader
INFO 2024-07-03 23:51:32,570 11296 Watching for file changes with StatReloader
INFO 2024-07-03 23:51:35,841 26284 C:\Users\User\Documents\GitHub\Charity\Charity\Spreading\Payment\views.py changed, reloading.
INFO 2024-07-03 23:51:35,845 11296 C:\Users\User\Documents\GitHub\Charity\Charity\Spreading\Payment\views.py changed, reloading.
INFO 2024-07-03 23:51:37,410 30516 Watching for file changes with StatReloader
INFO 2024-07-03 23:51:37,416 23020 Watching for file changes with StatReloader
INFO 2024-07-03 23:54:09,727 23020 C:\Users\User\Documents\GitHub\Charity\Charity\Spreading\Payment\views.py changed, reloading.
INFO 2024-07-03 23:54:10,734 14724 Watching for file changes with StatReloader
INFO 2024-07-03 23:54:13,799 1692 Watching for file changes with StatReloader
INFO 2024-07-03 23:54:31,247 1692 C:\Users\User\Documents\GitHub\Charity\Charity\Spreading\Payment\mpesa.py changed, reloading.
INFO 2024-07-03 23:54:31,662 14724 C:\Users\User\Documents\GitHub\Charity\Charity\Spreading\Payment\mpesa.py changed, reloading.
INFO 2024-07-03 23:54:32,239 20956 Watching for file changes with StatReloader
INFO 2024-07-03 23:54:32,690 6604 Watching for file changes with StatReloader
INFO 2024-07-03 23:54:46,204 6604 C:\Users\User\Documents\GitHub\Charity\Charity\Spreading\Payment\mpesa.py changed, reloading.
INFO 2024-07-03 23:54:46,985 20956 C:\Users\User\Documents\GitHub\Charity\Charity\Spreading\Payment\mpesa.py changed, reloading.
INFO 2024-07-03 23:54:47,093 13364 Watching for file changes with StatReloader
INFO 2024-07-03 23:54:47,864 11608 Watching for file changes with StatReloader
INFO 2024-07-03 23:54:51,944 13364 C:\Users\User\Documents\GitHub\Charity\Charity\Spreading\Payment\mpesa.py changed, reloading.
INFO 2024-07-03 23:54:52,635 11608 C:\Users\User\Documents\GitHub\Charity\Charity\Spreading\Payment\mpesa.py changed, reloading.
INFO 2024-07-03 23:54:52,869 17116 Watching for file changes with StatReloader
INFO 2024-07-03 23:54:53,618 15712 Watching for file changes with StatReloader
INFO 2024-07-03 23:54:58,676 15712 C:\Users\User\Documents\GitHub\Charity\Charity\Spreading\Payment\mpesa.py changed, reloading.
INFO 2024-07-03 23:54:58,898 17116 C:\Users\User\Documents\GitHub\Charity\Charity\Spreading\Payment\mpesa.py changed, reloading.
INFO 2024-07-03 23:54:59,644 8324 Watching for file changes with StatReloader
INFO 2024-07-03 23:54:59,891 25236 Watching for file changes with StatReloader
INFO 2024-07-03 23:55:04,836 8324 C:\Users\User\Documents\GitHub\Charity\Charity\Spreading\Payment\mpesa.py changed, reloading.
INFO 2024-07-03 23:55:04,952 25236 C:\Users\User\Documents\GitHub\Charity\Charity\Spreading\Payment\mpesa.py changed, reloading.
INFO 2024-07-03 23:55:05,722 7844 Watching for file changes with StatReloader
INFO 2024-07-03 23:55:05,850 29140 Watching for file changes with StatReloader
INFO 2024-07-04 00:00:37,371 29140 C:\Users\User\Documents\GitHub\Charity\Charity\Spreading\Payment\views.py changed, reloading.
INFO 2024-07-04 00:00:38,326 30656 Watching for file changes with StatReloader
INFO 2024-07-04 00:00:38,420 7844 C:\Users\User\Documents\GitHub\Charity\Charity\Spreading\Payment\views.py changed, reloading.
INFO 2024-07-04 00:00:39,332 21380 Watching for file changes with StatReloader
INFO 2024-07-04 00:00:41,211 30656 C:\Users\User\Documents\GitHub\Charity\Charity\Spreading\Payment\views.py changed, reloading.
INFO 2024-07-04 00:00:42,177 28156 Watching for file changes with StatReloader
INFO 2024-07-04 00:00:47,841 21380 C:\Users\User\Documents\GitHub\Charity\Charity\Spreading\Payment\views.py changed, reloading.
INFO 2024-07-04 00:00:48,233 28156 C:\Users\User\Documents\GitHub\Charity\Charity\Spreading\Payment\views.py changed, reloading.
INFO 2024-07-04 00:00:48,846 20780 Watching for file changes with StatReloader
INFO 2024-07-04 00:00:49,186 17664 Watching for file changes with StatReloader
INFO 2024-07-04 00:01:48,940 20780 C:\Users\User\Documents\GitHub\Charity\Charity\Spreading\Payment\views.py changed, reloading.
INFO 2024-07-04 00:01:49,449 17664 C:\Users\User\Documents\GitHub\Charity\Charity\Spreading\Payment\views.py changed, reloading.
INFO 2024-07-04 00:01:50,035 18448 Watching for file changes with StatReloader
INFO 2024-07-04 00:01:50,562 29284 Watching for file changes with StatReloader
INFO 2024-07-04 00:01:57,576 18448 C:\Users\User\Documents\GitHub\Charity\Charity\Spreading\Payment\views.py changed, reloading.
INFO 2024-07-04 00:01:58,222 29284 C:\Users\User\Documents\GitHub\Charity\Charity\Spreading\Payment\views.py changed, reloading.
INFO 2024-07-04 00:01:58,533 22404 Watching for file changes with StatReloader
INFO 2024-07-04 00:01:59,385 29968 Watching for file changes with StatReloader
INFO 2024-07-04 00:02:28,435 29968 C:\Users\User\Documents\GitHub\Charity\Charity\Spreading\Payment\views.py changed, reloading.
INFO 2024-07-04 00:02:28,741 22404 C:\Users\User\Documents\GitHub\Charity\Charity\Spreading\Payment\views.py changed, reloading.
INFO 2024-07-04 00:02:29,658 23044 Watching for file changes with StatReloader
INFO 2024-07-04 00:02:29,924 24632 Watching for file changes with StatReloader
INFO 2024-07-04 00:02:36,174 24632 C:\Users\User\Documents\GitHub\Charity\Charity\Spreading\Payment\views.py changed, reloading.
INFO 2024-07-04 00:02:36,987 23044 C:\Users\User\Documents\GitHub\Charity\Charity\Spreading\Payment\views.py changed, reloading.
INFO 2024-07-04 00:02:37,154 16820 Watching for file changes with StatReloader
INFO 2024-07-04 00:02:38,089 20204 Watching for file changes with StatReloader
INFO 2024-07-04 00:02:40,151 16820 C:\Users\User\Documents\GitHub\Charity\Charity\Spreading\Payment\views.py changed, reloading.
INFO 2024-07-04 00:02:40,957 20204 C:\Users\User\Documents\GitHub\Charity\Charity\Spreading\Payment\views.py changed, reloading.
INFO 2024-07-04 00:02:41,019 13684 Watching for file changes with StatReloader
INFO 2024-07-04 00:02:42,000 9492 Watching for file changes with StatReloader
INFO 2024-07-04 00:02:44,210 13684 C:\Users\User\Documents\GitHub\Charity\Charity\Spreading\Payment\views.py changed, reloading.
INFO 2024-07-04 00:02:45,184 9492 C:\Users\User\Documents\GitHub\Charity\Charity\Spreading\Payment\views.py changed, reloading.
INFO 2024-07-04 00:02:45,260 24448 Watching for file changes with StatReloader
INFO 2024-07-04 00:02:46,244 26060 Watching for file changes with StatReloader
INFO 2024-07-04 00:02:54,497 26060 C:\Users\User\Documents\GitHub\Charity\Charity\Spreading\Payment\views.py changed, reloading.
INFO 2024-07-04 00:02:54,698 24448 C:\Users\User\Documents\GitHub\Charity\Charity\Spreading\Payment\views.py changed, reloading.
INFO 2024-07-04 00:02:55,556 5100 Watching for file changes with StatReloader
INFO 2024-07-04 00:02:55,815 12932 Watching for file changes with StatReloader
INFO 2024-07-04 00:02:58,700 5100 C:\Users\User\Documents\GitHub\Charity\Charity\Spreading\Payment\views.py changed, reloading.
INFO 2024-07-04 00:02:58,815 12932 C:\Users\User\Documents\GitHub\Charity\Charity\Spreading\Payment\views.py changed, reloading.
INFO 2024-07-04 00:02:59,904 2144 Watching for file changes with StatReloader
INFO 2024-07-04 00:02:59,962 22684 Watching for file changes with StatReloader
INFO 2024-07-04 00:03:07,312 22684 C:\Users\User\Documents\GitHub\Charity\Charity\Spreading\Payment\views.py changed, reloading.
INFO 2024-07-04 00:03:07,336 2144 C:\Users\User\Documents\GitHub\Charity\Charity\Spreading\Payment\views.py changed, reloading.
INFO 2024-07-04 00:03:08,657 8816 Watching for file changes with StatReloader
INFO 2024-07-04 00:03:08,663 21776 Watching for file changes with StatReloader
INFO 2024-07-04 00:03:12,031 8816 C:\Users\User\Documents\GitHub\Charity\Charity\Spreading\Payment\views.py changed, reloading.
INFO 2024-07-04 00:03:12,044 21776 C:\Users\User\Documents\GitHub\Charity\Charity\Spreading\Payment\views.py changed, reloading.
INFO 2024-07-04 00:03:13,117 13248 Watching for file changes with StatReloader
INFO 2024-07-04 00:03:13,126 19704 Watching for file changes with StatReloader
INFO 2024-07-04 00:03:21,948 13248 C:\Users\User\Documents\GitHub\Charity\Charity\Spreading\Payment\views.py changed, reloading.
INFO 2024-07-04 00:03:21,957 19704 C:\Users\User\Documents\GitHub\Charity\Charity\Spreading\Payment\views.py changed, reloading.
INFO 2024-07-04 00:03:23,176 24836 Watching for file changes with StatReloader
INFO 2024-07-04 00:03:23,218 11084 Watching for file changes with StatReloader
INFO 2024-07-04 00:03:26,256 24836 C:\Users\User\Documents\GitHub\Charity\Charity\Spreading\Payment\views.py changed, reloading.
INFO 2024-07-04 00:03:26,270 11084 C:\Users\User\Documents\GitHub\Charity\Charity\Spreading\Payment\views.py changed, reloading.
INFO 2024-07-04 00:03:27,385 18300 Watching for file changes with StatReloader
INFO 2024-07-04 00:03:27,389 5448 Watching for file changes with StatReloader
INFO 2024-07-04 00:03:30,547 5448 C:\Users\User\Documents\GitHub\Charity\Charity\Spreading\Payment\views.py changed, reloading.
INFO 2024-07-04 00:03:30,633 18300 C:\Users\User\Documents\GitHub\Charity\Charity\Spreading\Payment\views.py changed, reloading.
INFO 2024-07-04 00:03:31,728 5036 Watching for file changes with StatReloader
INFO 2024-07-04 00:03:31,752 2716 Watching for file changes with StatReloader
INFO 2024-07-04 00:03:34,946 5036 C:\Users\User\Documents\GitHub\Charity\Charity\Spreading\Payment\views.py changed, reloading.
INFO 2024-07-04 00:03:34,979 2716 C:\Users\User\Documents\GitHub\Charity\Charity\Spreading\Payment\views.py changed, reloading.
INFO 2024-07-04 00:03:35,985 8512 Watching for file changes with StatReloader
INFO 2024-07-04 00:03:36,001 28732 Watching for file changes with StatReloader
INFO 2024-07-04 00:03:39,073 8512 C:\Users\User\Documents\GitHub\Charity\Charity\Spreading\Payment\views.py changed, reloading.
INFO 2024-07-04 00:03:39,094 28732 C:\Users\User\Documents\GitHub\Charity\Charity\Spreading\Payment\views.py changed, reloading.
INFO 2024-07-04 00:03:40,423 18964 Watching for file changes with StatReloader
INFO 2024-07-04 00:03:40,467 28576 Watching for file changes with StatReloader
INFO 2024-07-04 00:03:47,847 18964 C:\Users\User\Documents\GitHub\Charity\Charity\Spreading\Payment\views.py changed, reloading.
INFO 2024-07-04 00:03:47,893 28576 C:\Users\User\Documents\GitHub\Charity\Charity\Spreading\Payment\views.py changed, reloading.
INFO 2024-07-04 00:03:49,234 16064 Watching for file changes with StatReloader
INFO 2024-07-04 00:03:49,290 8896 Watching for file changes with StatReloader
INFO 2024-07-04 00:03:53,330 16064 C:\Users\User\Documents\GitHub\Charity\Charity\Spreading\Payment\views.py changed, reloading.
INFO 2024-07-04 00:03:53,346 8896 C:\Users\User\Documents\GitHub\Charity\Charity\Spreading\Payment\views.py changed, reloading.
INFO 2024-07-04 00:03:54,502 3328 Watching for file changes with StatReloader
INFO 2024-07-04 00:03:54,512 23224 Watching for file changes with StatReloader
INFO 2024-07-04 00:08:30,029 23224 +1 (282) 421-4194 98
ERROR 2024-07-04 00:08:30,108 23224 Internal Server Error: /Donation
Traceback (most recent call last):
  File "C:\Users\User\Documents\GitHub\Charity\Charity\venv\Lib\site-packages\django\core\handlers\exception.py", line 56, in inner
    response = get_response(request)
               ^^^^^^^^^^^^^^^^^^^^^
  File "C:\Users\User\Documents\GitHub\Charity\Charity\venv\Lib\site-packages\django\core\handlers\base.py", line 197, in _get_response
    response = wrapped_callback(request, *callback_args, **callback_kwargs)
               ^^^^^^^^^^^^^^^^^^^^^^^^^^^^^^^^^^^^^^^^^^^^^^^^^^^^^^^^^^^^
  File "C:\Users\User\Documents\GitHub\Charity\Charity\Spreading\Payment\views.py", line 34, in Donation
    resp = requests.post(mpesa.get_payment_url, json=data, headers=headers)
       ^^^^^^^^^^^^^^^^^^^^^^^^^^^^^^^^^^^^^^^^^^^^^^^^^^^^^^^^^^^^^^^^
  File "C:\Users\User\Documents\GitHub\Charity\Charity\venv\Lib\site-packages\requests\api.py", line 115, in post
    return request("post", url, data=data, json=json, **kwargs)
           ^^^^^^^^^^^^^^^^^^^^^^^^^^^^^^^^^^^^^^^^^^^^^^^^^^^^
  File "C:\Users\User\Documents\GitHub\Charity\Charity\venv\Lib\site-packages\requests\api.py", line 59, in request
    return session.request(method=method, url=url, **kwargs)
           ^^^^^^^^^^^^^^^^^^^^^^^^^^^^^^^^^^^^^^^^^^^^^^^^^
  File "C:\Users\User\Documents\GitHub\Charity\Charity\venv\Lib\site-packages\requests\sessions.py", line 575, in request
    prep = self.prepare_request(req)
           ^^^^^^^^^^^^^^^^^^^^^^^^^
  File "C:\Users\User\Documents\GitHub\Charity\Charity\venv\Lib\site-packages\requests\sessions.py", line 484, in prepare_request
    p.prepare(
  File "C:\Users\User\Documents\GitHub\Charity\Charity\venv\Lib\site-packages\requests\models.py", line 367, in prepare
    self.prepare_url(url, params)
  File "C:\Users\User\Documents\GitHub\Charity\Charity\venv\Lib\site-packages\requests\models.py", line 438, in prepare_url
    raise MissingSchema(
requests.exceptions.MissingSchema: Invalid URL '<function get_payment_url at 0x000002AA641EE7A0>': No scheme supplied. Perhaps you meant https://<function get_payment_url at 0x000002AA641EE7A0>?
WARNING 2024-07-04 00:08:30,563 23224 Not Found: /favicon.ico
INFO 2024-07-04 00:09:07,878 23224 +1 (372) 602-9992 74
ERROR 2024-07-04 00:09:07,919 23224 Internal Server Error: /Donation
Traceback (most recent call last):
  File "C:\Users\User\Documents\GitHub\Charity\Charity\venv\Lib\site-packages\django\core\handlers\exception.py", line 56, in inner
    response = get_response(request)
               ^^^^^^^^^^^^^^^^^^^^^
  File "C:\Users\User\Documents\GitHub\Charity\Charity\venv\Lib\site-packages\django\core\handlers\base.py", line 197, in _get_response
    response = wrapped_callback(request, *callback_args, **callback_kwargs)
               ^^^^^^^^^^^^^^^^^^^^^^^^^^^^^^^^^^^^^^^^^^^^^^^^^^^^^^^^^^^^
  File "C:\Users\User\Documents\GitHub\Charity\Charity\Spreading\Payment\views.py", line 34, in Donation
    resp = requests.post(mpesa.get_payment_url, json=data, headers=headers)
       ^^^^^^^^^^^^^^^^^^^^^^^^^^^^^^^^^^^^^^^^^^^^^^^^^^^^^^^^^^^^^^^^
  File "C:\Users\User\Documents\GitHub\Charity\Charity\venv\Lib\site-packages\requests\api.py", line 115, in post
    return request("post", url, data=data, json=json, **kwargs)
           ^^^^^^^^^^^^^^^^^^^^^^^^^^^^^^^^^^^^^^^^^^^^^^^^^^^^
  File "C:\Users\User\Documents\GitHub\Charity\Charity\venv\Lib\site-packages\requests\api.py", line 59, in request
    return session.request(method=method, url=url, **kwargs)
           ^^^^^^^^^^^^^^^^^^^^^^^^^^^^^^^^^^^^^^^^^^^^^^^^^
  File "C:\Users\User\Documents\GitHub\Charity\Charity\venv\Lib\site-packages\requests\sessions.py", line 575, in request
    prep = self.prepare_request(req)
           ^^^^^^^^^^^^^^^^^^^^^^^^^
  File "C:\Users\User\Documents\GitHub\Charity\Charity\venv\Lib\site-packages\requests\sessions.py", line 484, in prepare_request
    p.prepare(
  File "C:\Users\User\Documents\GitHub\Charity\Charity\venv\Lib\site-packages\requests\models.py", line 367, in prepare
    self.prepare_url(url, params)
  File "C:\Users\User\Documents\GitHub\Charity\Charity\venv\Lib\site-packages\requests\models.py", line 438, in prepare_url
    raise MissingSchema(
requests.exceptions.MissingSchema: Invalid URL '<function get_payment_url at 0x000002AA641EE7A0>': No scheme supplied. Perhaps you meant https://<function get_payment_url at 0x000002AA641EE7A0>?
